This file contains any messages produced by compilers while
running configure, to aid debugging if configure makes a mistake.

It was created by lmorse configure 1.0, which was
generated by GNU Autoconf 2.68.  Invocation command line was

  $ ./configure 

## --------- ##
## Platform. ##
## --------- ##

hostname = dylan
uname -m = x86_64
uname -r = 2.6.37.6
uname -s = Linux
uname -v = #3 SMP Sat Apr 9 22:49:32 CDT 2011

/usr/bin/uname -p = AMD Athlon(tm) II Dual-Core M320
/bin/uname -X     = unknown

/bin/arch              = x86_64
/usr/bin/arch -k       = unknown
/usr/convex/getsysinfo = unknown
/usr/bin/hostinfo      = unknown
/bin/machine           = unknown
/usr/bin/oslevel       = unknown
/bin/universe          = unknown

PATH: /usr/local/bin
PATH: /usr/bin
PATH: /bin
PATH: /usr/games
PATH: /sbin
PATH: /usr/sbin
PATH: /usr/bin
PATH: /usr/java/jre1.6.0_30/bin
PATH: /usr/java/jdk1.6.0_25/bin
PATH: /usr/local/bin/ant/apache-ant-1.8.2/bin
PATH: /usr/lib64/java/bin
PATH: /usr/lib64/java/jre/bin
PATH: /usr/lib64/java/bin
PATH: /usr/lib64/kde4/libexec
PATH: /usr/lib64/qt/bin
PATH: /usr/share/texmf/bin


## ----------- ##
## Core tests. ##
## ----------- ##

configure:1803: checking for a BSD-compatible install
configure:1871: result: /usr/bin/ginstall -c
configure:1882: checking whether build environment is sane
configure:1932: result: yes
configure:2073: checking for a thread-safe mkdir -p
configure:2112: result: /usr/bin/mkdir -p
configure:2125: checking for gawk
configure:2141: found /usr/bin/gawk
configure:2152: result: gawk
configure:2163: checking whether make sets $(MAKE)
configure:2185: result: yes
configure:2313: checking for gcc
configure:2329: found /usr/bin/gcc
configure:2340: result: gcc
configure:2569: checking for C compiler version
configure:2578: gcc --version >&5
gcc (GCC) 4.5.2
Copyright (C) 2010 Free Software Foundation, Inc.
This is free software; see the source for copying conditions.  There is NO
warranty; not even for MERCHANTABILITY or FITNESS FOR A PARTICULAR PURPOSE.

configure:2589: $? = 0
configure:2578: gcc -v >&5
Reading specs from /usr/lib64/gcc/x86_64-slackware-linux/4.5.2/specs
COLLECT_GCC=gcc
COLLECT_LTO_WRAPPER=/usr/libexec/gcc/x86_64-slackware-linux/4.5.2/lto-wrapper
Target: x86_64-slackware-linux
Configured with: ../gcc-4.5.2/configure --prefix=/usr --libdir=/usr/lib64 --mandir=/usr/man --infodir=/usr/info --enable-shared --enable-bootstrap --enable-languages=ada,c,c++,fortran,java,objc,lto --enable-threads=posix --enable-checking=release --with-system-zlib --with-python-dir=/lib64/python2.6/site-packages --disable-libunwind-exceptions --enable-__cxa_atexit --enable-libssp --enable-lto --with-gnu-ld --verbose --disable-multilib --target=x86_64-slackware-linux --build=x86_64-slackware-linux --host=x86_64-slackware-linux
Thread model: posix
gcc version 4.5.2 (GCC) 
configure:2589: $? = 0
configure:2578: gcc -V >&5
gcc: '-V' option must have argument
configure:2589: $? = 1
configure:2578: gcc -qversion >&5
gcc: unrecognized option '-qversion'
gcc: no input files
configure:2589: $? = 1
configure:2609: checking whether the C compiler works
configure:2631: gcc    conftest.c  >&5
configure:2635: $? = 0
configure:2683: result: yes
configure:2686: checking for C compiler default output file name
configure:2688: result: a.out
configure:2694: checking for suffix of executables
configure:2701: gcc -o conftest    conftest.c  >&5
configure:2705: $? = 0
configure:2727: result: 
configure:2749: checking whether we are cross compiling
configure:2757: gcc -o conftest    conftest.c  >&5
configure:2761: $? = 0
configure:2768: ./conftest
configure:2772: $? = 0
configure:2787: result: no
configure:2792: checking for suffix of object files
configure:2814: gcc -c   conftest.c >&5
configure:2818: $? = 0
configure:2839: result: o
configure:2843: checking whether we are using the GNU C compiler
configure:2862: gcc -c   conftest.c >&5
configure:2862: $? = 0
configure:2871: result: yes
configure:2880: checking whether gcc accepts -g
configure:2900: gcc -c -g  conftest.c >&5
configure:2900: $? = 0
configure:2941: result: yes
configure:2958: checking for gcc option to accept ISO C89
configure:3022: gcc  -c -g -O2  conftest.c >&5
configure:3022: $? = 0
configure:3035: result: none needed
configure:3066: checking for style of include used by make
configure:3094: result: GNU
configure:3119: checking dependency style of gcc
configure:3229: result: gcc3
configure:3378: creating ./config.status

## ---------------------- ##
## Running config.status. ##
## ---------------------- ##

This file was extended by lmorse config.status 1.0, which was
generated by GNU Autoconf 2.68.  Invocation command line was

  CONFIG_FILES    = 
  CONFIG_HEADERS  = 
  CONFIG_LINKS    = 
  CONFIG_COMMANDS = 
  $ ./config.status 

on dylan

config.status:847: creating Makefile
config.status:847: creating src/Makefile
config.status:847: creating config.h
config.status:1028: config.h is unchanged
config.status:1076: executing depfiles commands

## ---------------- ##
## Cache variables. ##
## ---------------- ##

ac_cv_c_compiler_gnu=yes
ac_cv_env_CC_set=
ac_cv_env_CC_value=
ac_cv_env_CFLAGS_set=
ac_cv_env_CFLAGS_value=
ac_cv_env_CPPFLAGS_set=
ac_cv_env_CPPFLAGS_value=
ac_cv_env_LDFLAGS_set=
ac_cv_env_LDFLAGS_value=
ac_cv_env_LIBS_set=
ac_cv_env_LIBS_value=
ac_cv_env_build_alias_set=
ac_cv_env_build_alias_value=
ac_cv_env_host_alias_set=
ac_cv_env_host_alias_value=
ac_cv_env_target_alias_set=
ac_cv_env_target_alias_value=
ac_cv_objext=o
ac_cv_path_install='/usr/bin/ginstall -c'
ac_cv_path_mkdir=/usr/bin/mkdir
ac_cv_prog_AWK=gawk
ac_cv_prog_ac_ct_CC=gcc
ac_cv_prog_cc_c89=
ac_cv_prog_cc_g=yes
ac_cv_prog_make_make_set=yes
am_cv_CC_dependencies_compiler_type=gcc3

## ----------------- ##
## Output variables. ##
## ----------------- ##

ACLOCAL='${SHELL} /home/dylan/Documents/Langara/CPSC/2280/labs/lab07/missing --run aclocal-1.11'
AMDEPBACKSLASH='\'
AMDEP_FALSE='#'
AMDEP_TRUE=''
AMTAR='${SHELL} /home/dylan/Documents/Langara/CPSC/2280/labs/lab07/missing --run tar'
AUTOCONF='${SHELL} /home/dylan/Documents/Langara/CPSC/2280/labs/lab07/missing --run autoconf'
AUTOHEADER='${SHELL} /home/dylan/Documents/Langara/CPSC/2280/labs/lab07/missing --run autoheader'
AUTOMAKE='${SHELL} /home/dylan/Documents/Langara/CPSC/2280/labs/lab07/missing --run automake-1.11'
AWK='gawk'
CC='gcc'
CCDEPMODE='depmode=gcc3'
CFLAGS='-g -O2'
CPPFLAGS=''
CYGPATH_W='echo'
DEFS='-DHAVE_CONFIG_H'
DEPDIR='.deps'
ECHO_C=''
ECHO_N='-n'
ECHO_T=''
EXEEXT=''
INSTALL_DATA='${INSTALL} -m 644'
INSTALL_PROGRAM='${INSTALL}'
INSTALL_SCRIPT='${INSTALL}'
INSTALL_STRIP_PROGRAM='$(install_sh) -c -s'
LDFLAGS=''
LIBOBJS=''
LIBS=''
LTLIBOBJS=''
MAKEINFO='${SHELL} /home/dylan/Documents/Langara/CPSC/2280/labs/lab07/missing --run makeinfo'
MKDIR_P='/usr/bin/mkdir -p'
OBJEXT='o'
PACKAGE='lmorse'
PACKAGE_BUGREPORT='<danyl.nysom@gmail.com>'
PACKAGE_NAME='lmorse'
PACKAGE_STRING='lmorse 1.0'
PACKAGE_TARNAME='lmorse'
PACKAGE_URL=''
PACKAGE_VERSION='1.0'
PATH_SEPARATOR=':'
SET_MAKE=''
SHELL='/bin/sh'
STRIP=''
VERSION='1.0'
ac_ct_CC='gcc'
am__EXEEXT_FALSE=''
am__EXEEXT_TRUE='#'
am__fastdepCC_FALSE='#'
am__fastdepCC_TRUE=''
am__include='include'
am__isrc=''
am__leading_dot='.'
am__quote=''
am__tar='${AMTAR} chof - "$$tardir"'
am__untar='${AMTAR} xf -'
bindir='${exec_prefix}/bin'
build_alias=''
datadir='${datarootdir}'
datarootdir='${prefix}/share'
docdir='${datarootdir}/doc/${PACKAGE_TARNAME}'
dvidir='${docdir}'
exec_prefix='${prefix}'
host_alias=''
htmldir='${docdir}'
includedir='${prefix}/include'
infodir='${datarootdir}/info'
install_sh='${SHELL} /home/dylan/Documents/Langara/CPSC/2280/labs/lab07/install-sh'
libdir='${exec_prefix}/lib'
libexecdir='${exec_prefix}/libexec'
localedir='${datarootdir}/locale'
localstatedir='${prefix}/var'
mandir='${datarootdir}/man'
mkdir_p='/usr/bin/mkdir -p'
oldincludedir='/usr/include'
pdfdir='${docdir}'
prefix='/usr/local'
program_transform_name='s,x,x,'
psdir='${docdir}'
sbindir='${exec_prefix}/sbin'
sharedstatedir='${prefix}/com'
sysconfdir='${prefix}/etc'
target_alias=''

## ----------- ##
## confdefs.h. ##
## ----------- ##

/* confdefs.h */
#define PACKAGE_NAME "lmorse"
#define PACKAGE_TARNAME "lmorse"
#define PACKAGE_VERSION "1.0"
#define PACKAGE_STRING "lmorse 1.0"
#define PACKAGE_BUGREPORT "<danyl.nysom@gmail.com>"
#define PACKAGE_URL ""
#define PACKAGE "lmorse"
#define VERSION "1.0"

configure: exit 0
